\BOOKMARK [1][-]{section*.3}{ВВЕДЕНИЕ}{}% 1
\BOOKMARK [1][-]{section.1}{АНАЛИЗ ПРЕДМЕТНОЙ ОБЛАСТИ}{}% 2
\BOOKMARK [2][-]{subsection.1.1}{Машинное обучение. Задача классификации}{section.1}% 3
\BOOKMARK [2][-]{subsection.1.2}{Подготовка данных и извлечение признаков}{section.1}% 4
\BOOKMARK [2][-]{subsection.1.3}{Машина опорных векторов}{section.1}% 5
\BOOKMARK [2][-]{subsection.1.4}{Анализ имеющихся решений}{section.1}% 6
\BOOKMARK [2][-]{subsection.1.5}{Постановка задач исследования}{section.1}% 7
\BOOKMARK [1][-]{section.2}{РАЗРАБОТКА АРХИТЕКТУРЫ ПРОГРАММЫ}{}% 8
\BOOKMARK [2][-]{subsection.2.1}{Требования к реализуемой программе}{section.2}% 9
\BOOKMARK [2][-]{subsection.2.2}{Проектирование архитектуры}{section.2}% 10
\BOOKMARK [3][-]{subsubsection.2.2.1}{Проектирование модуля обучения}{subsection.2.2}% 11
\BOOKMARK [3][-]{subsubsection.2.2.2}{Проектирование модуля классификации}{subsection.2.2}% 12
\BOOKMARK [3][-]{subsubsection.2.2.3}{Проектирование API}{subsection.2.2}% 13
\BOOKMARK [1][-]{section.3}{ОПИСАНИЕ ПРОЦЕССА РАЗРАБОТКИ ПРОГРАММЫ}{}% 14
\BOOKMARK [2][-]{subsection.3.1}{Модуль обучения}{section.3}% 15
\BOOKMARK [2][-]{subsection.3.2}{Модуль классификации}{section.3}% 16
\BOOKMARK [2][-]{subsection.3.3}{Модуль API}{section.3}% 17
\BOOKMARK [1][-]{section.4}{ТЕСТИРОВАНИЕ РАЗРАБОТАННОЙ ПРОГРАММЫ}{}% 18
\BOOKMARK [2][-]{subsection.4.1}{Тестирование программы}{section.4}% 19
\BOOKMARK [2][-]{subsection.4.2}{Тестирование модели}{section.4}% 20
\BOOKMARK [1][-]{section*.10}{ЗАКЛЮЧЕНИЕ}{}% 21
\BOOKMARK [1][-]{section*.11}{Библиографический список}{}% 22
